2026-03-15 10:28:58,584{GMT}	INFO	[jepsen test runner] jepsen.core: Running test:
{:remote
 #jepsen.control.retry.Remote{:remote #jepsen.control.scp.Remote{:cmd-remote #jepsen.control.sshj.SSHJRemote{:concurrency-limit 6,
                                                                                                             :conn-spec nil,
                                                                                                             :client nil,
                                                                                                             :semaphore nil},
                                                                 :conn-spec nil},
                              :conn nil}
 :concurrency 3
 :db
 #object[jepsen.omnipaxos.db$omnipaxos_db$reify__2754
         "0x5c91b751"
         "jepsen.omnipaxos.db$omnipaxos_db$reify__2754@5c91b751"]
 :name "omnipaxos-kv"
 :start-time
 #object[org.joda.time.DateTime "0x348c00d9" "2026-03-15T10:28:58.535Z"]
 :net
 #object[jepsen.net$reify__13706 "0x41f274d" "jepsen.net$reify__13706@41f274d"]
 :client #jepsen.omnipaxos.client.OmniPaxosClient{:node nil, :url nil}
 :barrier
 #object[java.util.concurrent.CyclicBarrier
         "0x4b90a402"
         "java.util.concurrent.CyclicBarrier@4b90a402"]
 :checker
 #jepsen.checker.Compose{:checkers {:linearizable #jepsen.checker.Linearizable{:algorithm nil,
                                                                               :model #knossos.model.Register{:value nil}},
                                    :timeline #object[jepsen.checker.timeline$html$reify__266
                                                      "0x67fdc1e9"
                                                      "jepsen.checker.timeline$html$reify__266@67fdc1e9"]}}
 :nemesis #unprintable "jepsen.nemesis$reify__13819@33a38f07"
 :nodes ["n1" "n2" "n3"]
 :generator
 #object[jepsen.util.Forgettable
         "0x650929dc"
         ((jepsen.generator.Synchronize
           {:gen (jepsen.generator.TimeLimit
                  {:limit 30000000000,
                   :cutoff nil,
                   :gen (jepsen.generator.OnThreads
                         {:f #jepsen.generator.context.AllBut{:element :nemesis},
                          :context-filter #object[jepsen.generator.context$make_thread_filter$lazy_filter__4844
                                                  "0x72cf43fa"
                                                  "jepsen.generator.context$make_thread_filter$lazy_filter__4844@72cf43fa"],
                          :gen (jepsen.generator.Stagger
                                {:dt 200000000,
                                 :next-time nil,
                                 :gen (jepsen.generator.Mix
                                       {:i 1,
                                        :gens [#object[jepsen.omnipaxos.core$r
                                                       "0x2b1818d1"
                                                       "jepsen.omnipaxos.core$r@2b1818d1"]
                                               #object[jepsen.omnipaxos.core$w
                                                       "0x1f748d43"
                                                       "jepsen.omnipaxos.core$w@1f748d43"]]})})})})})
          (jepsen.generator.Synchronize
           {:gen {:type :log,
                  :value "Test complete, waiting before final check"}})
          (jepsen.generator.Synchronize {:gen {:type :sleep, :value 5}}))]
 :os
 #object[jepsen.os$reify__14116 "0x1104cc93" "jepsen.os$reify__14116@1104cc93"]}

2026-03-15 10:28:59,685{GMT}	INFO	[real-pmap 1] net.schmizz.sshj.SSHClient: Could not load keys from /root/.ssh/id_dsa due to: /root/.ssh/id_dsa (No such file or directory)
2026-03-15 10:28:59,685{GMT}	INFO	[real-pmap 0] net.schmizz.sshj.SSHClient: Could not load keys from /root/.ssh/id_dsa due to: /root/.ssh/id_dsa (No such file or directory)
2026-03-15 10:28:59,686{GMT}	INFO	[real-pmap 1] net.schmizz.sshj.SSHClient: Could not load keys from /root/.ssh/id_ed25519 due to: /root/.ssh/id_ed25519 (No such file or directory)
2026-03-15 10:28:59,686{GMT}	INFO	[real-pmap 0] net.schmizz.sshj.SSHClient: Could not load keys from /root/.ssh/id_ed25519 due to: /root/.ssh/id_ed25519 (No such file or directory)
2026-03-15 10:28:59,686{GMT}	INFO	[real-pmap 1] net.schmizz.sshj.SSHClient: Could not load keys from /root/.ssh/id_ecdsa due to: /root/.ssh/id_ecdsa (No such file or directory)
2026-03-15 10:28:59,686{GMT}	INFO	[real-pmap 0] net.schmizz.sshj.SSHClient: Could not load keys from /root/.ssh/id_ecdsa due to: /root/.ssh/id_ecdsa (No such file or directory)
2026-03-15 10:28:59,691{GMT}	INFO	[real-pmap 2] net.schmizz.sshj.SSHClient: Could not load keys from /root/.ssh/id_dsa due to: /root/.ssh/id_dsa (No such file or directory)
2026-03-15 10:28:59,691{GMT}	INFO	[real-pmap 2] net.schmizz.sshj.SSHClient: Could not load keys from /root/.ssh/id_ed25519 due to: /root/.ssh/id_ed25519 (No such file or directory)
2026-03-15 10:28:59,691{GMT}	INFO	[real-pmap 2] net.schmizz.sshj.SSHClient: Could not load keys from /root/.ssh/id_ecdsa due to: /root/.ssh/id_ecdsa (No such file or directory)
2026-03-15 10:28:59,716{GMT}	INFO	[jepsen test runner] jepsen.db: Tearing down DB
2026-03-15 10:28:59,716{GMT}	INFO	[jepsen node n1] jepsen.omnipaxos.db: n1 tearing down OmniPaxos
2026-03-15 10:28:59,716{GMT}	INFO	[jepsen node n3] jepsen.omnipaxos.db: n3 tearing down OmniPaxos
2026-03-15 10:28:59,716{GMT}	INFO	[jepsen node n2] jepsen.omnipaxos.db: n2 tearing down OmniPaxos
2026-03-15 10:28:59,717{GMT}	INFO	[jepsen node n2] jepsen.control.util: Stopping /opt/omnipaxos/api-shim with signal :-9
2026-03-15 10:28:59,717{GMT}	INFO	[jepsen node n3] jepsen.control.util: Stopping /opt/omnipaxos/api-shim with signal :-9
2026-03-15 10:28:59,717{GMT}	INFO	[jepsen node n1] jepsen.control.util: Stopping /opt/omnipaxos/api-shim with signal :-9
2026-03-15 10:28:59,868{GMT}	INFO	[jepsen node n2] jepsen.control.util: Stopping /opt/omnipaxos/server with signal :-9
2026-03-15 10:28:59,868{GMT}	INFO	[jepsen node n3] jepsen.control.util: Stopping /opt/omnipaxos/server with signal :-9
2026-03-15 10:28:59,870{GMT}	INFO	[jepsen node n1] jepsen.control.util: Stopping /opt/omnipaxos/server with signal :-9
2026-03-15 10:28:59,999{GMT}	INFO	[jepsen test runner] jepsen.db: Setting up DB
2026-03-15 10:29:00,000{GMT}	INFO	[jepsen node n3] jepsen.omnipaxos.db: n3 setting up OmniPaxos
2026-03-15 10:29:00,000{GMT}	INFO	[jepsen node n1] jepsen.omnipaxos.db: n1 setting up OmniPaxos
2026-03-15 10:29:00,000{GMT}	INFO	[jepsen node n2] jepsen.omnipaxos.db: n2 setting up OmniPaxos
2026-03-15 10:29:01,404{GMT}	INFO	[jepsen node n2] jepsen.control.util: Starting env
2026-03-15 10:29:01,406{GMT}	INFO	[jepsen node n3] jepsen.control.util: Starting env
2026-03-15 10:29:01,406{GMT}	INFO	[jepsen node n1] jepsen.control.util: Starting env
2026-03-15 10:29:06,453{GMT}	INFO	[jepsen node n1] jepsen.control.util: Starting env
2026-03-15 10:29:06,453{GMT}	INFO	[jepsen node n2] jepsen.control.util: Starting env
2026-03-15 10:29:06,453{GMT}	INFO	[jepsen node n3] jepsen.control.util: Starting env
2026-03-15 10:29:06,547{GMT}	INFO	[jepsen node n3] jepsen.omnipaxos.db: n3 api-shim healthy
2026-03-15 10:29:06,547{GMT}	INFO	[jepsen node n2] jepsen.omnipaxos.db: n2 api-shim healthy
2026-03-15 10:29:06,548{GMT}	INFO	[jepsen node n1] jepsen.omnipaxos.db: n1 api-shim healthy
2026-03-15 10:29:06,549{GMT}	INFO	[jepsen test runner] jepsen.core: Relative time begins now
2026-03-15 10:29:06,645{GMT}	INFO	[jepsen worker 0] jepsen.util: 0	:invoke	:write	62
2026-03-15 10:29:06,838{GMT}	INFO	[jepsen worker 1] jepsen.util: 1	:invoke	:read	nil
2026-03-15 10:29:07,023{GMT}	INFO	[jepsen worker 2] jepsen.util: 2	:invoke	:write	96
2026-03-15 10:29:07,505{GMT}	INFO	[jepsen worker 1] jepsen.util: 1	:ok	:read	nil
2026-03-15 10:29:07,505{GMT}	INFO	[jepsen worker 0] jepsen.util: 0	:ok	:write	62
2026-03-15 10:29:07,505{GMT}	INFO	[jepsen worker 2] jepsen.util: 2	:ok	:write	96
2026-03-15 10:29:07,505{GMT}	INFO	[jepsen worker 0] jepsen.util: 0	:invoke	:read	nil
2026-03-15 10:29:07,507{GMT}	INFO	[jepsen worker 0] jepsen.util: 0	:ok	:read	"62"
2026-03-15 10:29:07,549{GMT}	INFO	[jepsen worker 0] jepsen.util: 0	:invoke	:write	75
2026-03-15 10:29:07,551{GMT}	INFO	[jepsen worker 0] jepsen.util: 0	:ok	:write	75
2026-03-15 10:29:07,693{GMT}	INFO	[jepsen worker 1] jepsen.util: 1	:invoke	:read	nil
2026-03-15 10:29:07,695{GMT}	INFO	[jepsen worker 1] jepsen.util: 1	:ok	:read	"75"
2026-03-15 10:29:07,799{GMT}	INFO	[jepsen worker 2] jepsen.util: 2	:invoke	:write	48
2026-03-15 10:29:07,801{GMT}	INFO	[jepsen worker 2] jepsen.util: 2	:ok	:write	48
2026-03-15 10:29:07,804{GMT}	INFO	[jepsen worker 0] jepsen.util: 0	:invoke	:read	nil
2026-03-15 10:29:07,806{GMT}	INFO	[jepsen worker 0] jepsen.util: 0	:ok	:read	"48"
2026-03-15 10:29:07,889{GMT}	INFO	[jepsen worker 0] jepsen.util: 0	:invoke	:read	nil
2026-03-15 10:29:07,891{GMT}	INFO	[jepsen worker 0] jepsen.util: 0	:ok	:read	"48"
2026-03-15 10:29:07,901{GMT}	INFO	[jepsen worker 1] jepsen.util: 1	:invoke	:read	nil
2026-03-15 10:29:07,902{GMT}	INFO	[jepsen worker 1] jepsen.util: 1	:ok	:read	"48"
2026-03-15 10:29:08,100{GMT}	INFO	[jepsen worker 2] jepsen.util: 2	:invoke	:read	nil
2026-03-15 10:29:08,102{GMT}	INFO	[jepsen worker 2] jepsen.util: 2	:ok	:read	"62"
2026-03-15 10:29:08,214{GMT}	INFO	[jepsen worker 0] jepsen.util: 0	:invoke	:write	79
2026-03-15 10:29:08,215{GMT}	INFO	[jepsen worker 0] jepsen.util: 0	:ok	:write	79
2026-03-15 10:29:08,283{GMT}	INFO	[jepsen worker 0] jepsen.util: 0	:invoke	:write	26
2026-03-15 10:29:08,285{GMT}	INFO	[jepsen worker 0] jepsen.util: 0	:ok	:write	26
2026-03-15 10:29:08,475{GMT}	INFO	[jepsen worker 1] jepsen.util: 1	:invoke	:write	88
2026-03-15 10:29:08,476{GMT}	INFO	[jepsen worker 1] jepsen.util: 1	:ok	:write	88
2026-03-15 10:29:08,492{GMT}	INFO	[jepsen worker 2] jepsen.util: 2	:invoke	:read	nil
2026-03-15 10:29:08,494{GMT}	INFO	[jepsen worker 2] jepsen.util: 2	:ok	:read	"62"
2026-03-15 10:29:08,685{GMT}	INFO	[jepsen worker 0] jepsen.util: 0	:invoke	:write	97
2026-03-15 10:29:08,687{GMT}	INFO	[jepsen worker 0] jepsen.util: 0	:ok	:write	97
2026-03-15 10:29:08,800{GMT}	INFO	[jepsen worker 0] jepsen.util: 0	:invoke	:write	18
2026-03-15 10:29:08,802{GMT}	INFO	[jepsen worker 0] jepsen.util: 0	:ok	:write	18
2026-03-15 10:29:08,900{GMT}	INFO	[jepsen worker 1] jepsen.util: 1	:invoke	:read	nil
2026-03-15 10:29:08,901{GMT}	INFO	[jepsen worker 1] jepsen.util: 1	:ok	:read	"97"
2026-03-15 10:29:09,017{GMT}	INFO	[jepsen worker 2] jepsen.util: 2	:invoke	:write	60
2026-03-15 10:29:09,019{GMT}	INFO	[jepsen worker 2] jepsen.util: 2	:ok	:write	60
2026-03-15 10:29:09,187{GMT}	INFO	[jepsen worker 0] jepsen.util: 0	:invoke	:write	89
2026-03-15 10:29:09,188{GMT}	INFO	[jepsen worker 0] jepsen.util: 0	:ok	:write	89
2026-03-15 10:29:09,261{GMT}	INFO	[jepsen worker 0] jepsen.util: 0	:invoke	:write	11
2026-03-15 10:29:09,263{GMT}	INFO	[jepsen worker 0] jepsen.util: 0	:ok	:write	11
2026-03-15 10:29:09,421{GMT}	INFO	[jepsen worker 1] jepsen.util: 1	:invoke	:write	16
2026-03-15 10:29:09,422{GMT}	INFO	[jepsen worker 1] jepsen.util: 1	:ok	:write	16
2026-03-15 10:29:09,501{GMT}	INFO	[jepsen worker 2] jepsen.util: 2	:invoke	:read	nil
2026-03-15 10:29:09,502{GMT}	INFO	[jepsen worker 2] jepsen.util: 2	:ok	:read	"62"
2026-03-15 10:29:09,508{GMT}	INFO	[jepsen worker 0] jepsen.util: 0	:invoke	:write	99
2026-03-15 10:29:09,509{GMT}	INFO	[jepsen worker 0] jepsen.util: 0	:ok	:write	99
2026-03-15 10:29:09,663{GMT}	INFO	[jepsen worker 0] jepsen.util: 0	:invoke	:read	nil
2026-03-15 10:29:09,665{GMT}	INFO	[jepsen worker 0] jepsen.util: 0	:ok	:read	"16"
2026-03-15 10:29:09,755{GMT}	INFO	[jepsen worker 1] jepsen.util: 1	:invoke	:read	nil
2026-03-15 10:29:09,757{GMT}	INFO	[jepsen worker 1] jepsen.util: 1	:ok	:read	"16"
2026-03-15 10:29:09,794{GMT}	INFO	[jepsen worker 2] jepsen.util: 2	:invoke	:write	84
2026-03-15 10:29:09,795{GMT}	INFO	[jepsen worker 2] jepsen.util: 2	:ok	:write	84
2026-03-15 10:29:09,978{GMT}	INFO	[jepsen worker 0] jepsen.util: 0	:invoke	:read	nil
2026-03-15 10:29:09,980{GMT}	INFO	[jepsen worker 0] jepsen.util: 0	:ok	:read	"84"
2026-03-15 10:29:10,086{GMT}	INFO	[jepsen worker 0] jepsen.util: 0	:invoke	:read	nil
2026-03-15 10:29:10,088{GMT}	INFO	[jepsen worker 0] jepsen.util: 0	:ok	:read	"62"
2026-03-15 10:29:10,266{GMT}	INFO	[jepsen worker 1] jepsen.util: 1	:invoke	:read	nil
2026-03-15 10:29:10,267{GMT}	INFO	[jepsen worker 1] jepsen.util: 1	:ok	:read	"62"
2026-03-15 10:29:10,341{GMT}	INFO	[jepsen worker 2] jepsen.util: 2	:invoke	:read	nil
2026-03-15 10:29:10,343{GMT}	INFO	[jepsen worker 2] jepsen.util: 2	:ok	:read	"62"
2026-03-15 10:29:10,481{GMT}	INFO	[jepsen worker 0] jepsen.util: 0	:invoke	:read	nil
2026-03-15 10:29:10,482{GMT}	INFO	[jepsen worker 0] jepsen.util: 0	:ok	:read	"84"
2026-03-15 10:29:10,668{GMT}	INFO	[jepsen worker 0] jepsen.util: 0	:invoke	:read	nil
2026-03-15 10:29:10,670{GMT}	INFO	[jepsen worker 0] jepsen.util: 0	:ok	:read	"62"
2026-03-15 10:29:10,744{GMT}	INFO	[jepsen worker 1] jepsen.util: 1	:invoke	:read	nil
2026-03-15 10:29:10,745{GMT}	INFO	[jepsen worker 1] jepsen.util: 1	:ok	:read	"84"
2026-03-15 10:29:10,877{GMT}	INFO	[jepsen worker 2] jepsen.util: 2	:invoke	:read	nil
2026-03-15 10:29:10,879{GMT}	INFO	[jepsen worker 2] jepsen.util: 2	:ok	:read	"62"
2026-03-15 10:29:11,026{GMT}	INFO	[jepsen worker 0] jepsen.util: 0	:invoke	:read	nil
2026-03-15 10:29:11,028{GMT}	INFO	[jepsen worker 0] jepsen.util: 0	:ok	:read	"84"
2026-03-15 10:29:11,222{GMT}	INFO	[jepsen worker 0] jepsen.util: 0	:invoke	:write	9
2026-03-15 10:29:11,224{GMT}	INFO	[jepsen worker 0] jepsen.util: 0	:ok	:write	9
2026-03-15 10:29:11,268{GMT}	INFO	[jepsen worker 1] jepsen.util: 1	:invoke	:read	nil
2026-03-15 10:29:11,269{GMT}	INFO	[jepsen worker 1] jepsen.util: 1	:ok	:read	"9"
2026-03-15 10:29:11,336{GMT}	INFO	[jepsen worker 2] jepsen.util: 2	:invoke	:read	nil
2026-03-15 10:29:11,338{GMT}	INFO	[jepsen worker 2] jepsen.util: 2	:ok	:read	"84"
2026-03-15 10:29:11,441{GMT}	INFO	[jepsen worker 0] jepsen.util: 0	:invoke	:write	65
2026-03-15 10:29:11,442{GMT}	INFO	[jepsen worker 0] jepsen.util: 0	:ok	:write	65
2026-03-15 10:29:11,497{GMT}	INFO	[jepsen worker 0] jepsen.util: 0	:invoke	:write	8
2026-03-15 10:29:11,499{GMT}	INFO	[jepsen worker 0] jepsen.util: 0	:ok	:write	8
2026-03-15 10:29:11,578{GMT}	INFO	[jepsen worker 1] jepsen.util: 1	:invoke	:write	21
2026-03-15 10:29:11,579{GMT}	INFO	[jepsen worker 1] jepsen.util: 1	:ok	:write	21
2026-03-15 10:29:11,589{GMT}	INFO	[jepsen worker 2] jepsen.util: 2	:invoke	:write	93
2026-03-15 10:29:11,590{GMT}	INFO	[jepsen worker 2] jepsen.util: 2	:ok	:write	93
2026-03-15 10:29:11,745{GMT}	INFO	[jepsen worker 0] jepsen.util: 0	:invoke	:write	95
2026-03-15 10:29:11,747{GMT}	INFO	[jepsen worker 0] jepsen.util: 0	:ok	:write	95
2026-03-15 10:29:11,749{GMT}	INFO	[jepsen worker 0] jepsen.util: 0	:invoke	:read	nil
2026-03-15 10:29:11,750{GMT}	INFO	[jepsen worker 0] jepsen.util: 0	:ok	:read	"21"
2026-03-15 10:29:11,760{GMT}	INFO	[jepsen worker 1] jepsen.util: 1	:invoke	:write	62
2026-03-15 10:29:11,761{GMT}	INFO	[jepsen worker 1] jepsen.util: 1	:ok	:write	62
2026-03-15 10:29:11,850{GMT}	INFO	[jepsen worker 2] jepsen.util: 2	:invoke	:read	nil
2026-03-15 10:29:11,852{GMT}	INFO	[jepsen worker 2] jepsen.util: 2	:ok	:read	"62"
2026-03-15 10:29:11,964{GMT}	INFO	[jepsen worker 0] jepsen.util: 0	:invoke	:write	53
2026-03-15 10:29:11,965{GMT}	INFO	[jepsen worker 0] jepsen.util: 0	:ok	:write	53
2026-03-15 10:29:12,124{GMT}	INFO	[jepsen worker 0] jepsen.util: 0	:invoke	:read	nil
2026-03-15 10:29:12,126{GMT}	INFO	[jepsen worker 0] jepsen.util: 0	:ok	:read	"21"
2026-03-15 10:29:12,275{GMT}	INFO	[jepsen worker 1] jepsen.util: 1	:invoke	:read	nil
2026-03-15 10:29:12,276{GMT}	INFO	[jepsen worker 1] jepsen.util: 1	:ok	:read	"21"
2026-03-15 10:29:12,357{GMT}	INFO	[jepsen worker 2] jepsen.util: 2	:invoke	:write	62
2026-03-15 10:29:12,358{GMT}	INFO	[jepsen worker 2] jepsen.util: 2	:ok	:write	62
2026-03-15 10:29:12,360{GMT}	INFO	[jepsen worker 0] jepsen.util: 0	:invoke	:read	nil
2026-03-15 10:29:12,361{GMT}	INFO	[jepsen worker 0] jepsen.util: 0	:ok	:read	"62"
2026-03-15 10:29:12,557{GMT}	INFO	[jepsen worker 0] jepsen.util: 0	:invoke	:read	nil
2026-03-15 10:29:12,558{GMT}	INFO	[jepsen worker 0] jepsen.util: 0	:ok	:read	"62"
2026-03-15 10:29:12,687{GMT}	INFO	[jepsen worker 1] jepsen.util: 1	:invoke	:write	52
2026-03-15 10:29:12,689{GMT}	INFO	[jepsen worker 1] jepsen.util: 1	:ok	:write	52
2026-03-15 10:29:12,878{GMT}	INFO	[jepsen worker 2] jepsen.util: 2	:invoke	:read	nil
2026-03-15 10:29:12,879{GMT}	INFO	[jepsen worker 2] jepsen.util: 2	:ok	:read	"62"
2026-03-15 10:29:13,042{GMT}	INFO	[jepsen worker 0] jepsen.util: 0	:invoke	:write	75
2026-03-15 10:29:13,044{GMT}	INFO	[jepsen worker 0] jepsen.util: 0	:ok	:write	75
2026-03-15 10:29:13,153{GMT}	INFO	[jepsen worker 0] jepsen.util: 0	:invoke	:write	62
2026-03-15 10:29:13,154{GMT}	INFO	[jepsen worker 0] jepsen.util: 0	:ok	:write	62
2026-03-15 10:29:13,223{GMT}	INFO	[jepsen worker 1] jepsen.util: 1	:invoke	:read	nil
2026-03-15 10:29:13,224{GMT}	INFO	[jepsen worker 1] jepsen.util: 1	:ok	:read	"62"
2026-03-15 10:29:13,348{GMT}	INFO	[jepsen worker 2] jepsen.util: 2	:invoke	:read	nil
2026-03-15 10:29:13,349{GMT}	INFO	[jepsen worker 2] jepsen.util: 2	:ok	:read	"62"
2026-03-15 10:29:13,533{GMT}	INFO	[jepsen worker 0] jepsen.util: 0	:invoke	:read	nil
2026-03-15 10:29:13,534{GMT}	INFO	[jepsen worker 0] jepsen.util: 0	:ok	:read	"75"
2026-03-15 10:29:13,716{GMT}	INFO	[jepsen worker 0] jepsen.util: 0	:invoke	:write	61
2026-03-15 10:29:13,718{GMT}	INFO	[jepsen worker 0] jepsen.util: 0	:ok	:write	61
2026-03-15 10:29:13,825{GMT}	INFO	[jepsen worker 1] jepsen.util: 1	:invoke	:write	79
2026-03-15 10:29:13,827{GMT}	INFO	[jepsen worker 1] jepsen.util: 1	:ok	:write	79
2026-03-15 10:29:14,018{GMT}	INFO	[jepsen worker 2] jepsen.util: 2	:invoke	:write	29
2026-03-15 10:29:14,020{GMT}	INFO	[jepsen worker 2] jepsen.util: 2	:ok	:write	29
2026-03-15 10:29:14,039{GMT}	INFO	[jepsen worker 0] jepsen.util: 0	:invoke	:write	19
2026-03-15 10:29:14,041{GMT}	INFO	[jepsen worker 0] jepsen.util: 0	:ok	:write	19
2026-03-15 10:29:14,076{GMT}	INFO	[jepsen worker 0] jepsen.util: 0	:invoke	:write	17
2026-03-15 10:29:14,078{GMT}	INFO	[jepsen worker 0] jepsen.util: 0	:ok	:write	17
2026-03-15 10:29:14,201{GMT}	INFO	[jepsen worker 1] jepsen.util: 1	:invoke	:read	nil
2026-03-15 10:29:14,202{GMT}	INFO	[jepsen worker 1] jepsen.util: 1	:ok	:read	"17"
2026-03-15 10:29:14,331{GMT}	INFO	[jepsen worker 2] jepsen.util: 2	:invoke	:read	nil
2026-03-15 10:29:14,333{GMT}	INFO	[jepsen worker 2] jepsen.util: 2	:ok	:read	"17"
2026-03-15 10:29:14,503{GMT}	INFO	[jepsen worker 0] jepsen.util: 0	:invoke	:read	nil
2026-03-15 10:29:14,504{GMT}	INFO	[jepsen worker 0] jepsen.util: 0	:ok	:read	"17"
2026-03-15 10:29:14,535{GMT}	INFO	[jepsen worker 0] jepsen.util: 0	:invoke	:write	27
2026-03-15 10:29:14,536{GMT}	INFO	[jepsen worker 0] jepsen.util: 0	:ok	:write	27
2026-03-15 10:29:14,638{GMT}	INFO	[jepsen worker 1] jepsen.util: 1	:invoke	:read	nil
2026-03-15 10:29:14,639{GMT}	INFO	[jepsen worker 1] jepsen.util: 1	:ok	:read	"17"
2026-03-15 10:29:14,758{GMT}	INFO	[jepsen worker 2] jepsen.util: 2	:invoke	:read	nil
2026-03-15 10:29:14,759{GMT}	INFO	[jepsen worker 2] jepsen.util: 2	:ok	:read	"27"
2026-03-15 10:29:14,777{GMT}	INFO	[jepsen worker 0] jepsen.util: 0	:invoke	:read	nil
2026-03-15 10:29:14,778{GMT}	INFO	[jepsen worker 0] jepsen.util: 0	:ok	:read	"27"
2026-03-15 10:29:14,916{GMT}	INFO	[jepsen worker 0] jepsen.util: 0	:invoke	:write	23
2026-03-15 10:29:14,918{GMT}	INFO	[jepsen worker 0] jepsen.util: 0	:ok	:write	23
2026-03-15 10:29:15,116{GMT}	INFO	[jepsen worker 1] jepsen.util: 1	:invoke	:read	nil
2026-03-15 10:29:15,117{GMT}	INFO	[jepsen worker 1] jepsen.util: 1	:ok	:read	"61"
2026-03-15 10:29:15,130{GMT}	INFO	[jepsen worker 2] jepsen.util: 2	:invoke	:write	15
2026-03-15 10:29:15,131{GMT}	INFO	[jepsen worker 2] jepsen.util: 2	:ok	:write	15
2026-03-15 10:29:15,305{GMT}	INFO	[jepsen worker 0] jepsen.util: 0	:invoke	:write	10
2026-03-15 10:29:15,306{GMT}	INFO	[jepsen worker 0] jepsen.util: 0	:ok	:write	10
2026-03-15 10:29:15,484{GMT}	INFO	[jepsen worker 0] jepsen.util: 0	:invoke	:write	75
2026-03-15 10:29:15,486{GMT}	INFO	[jepsen worker 0] jepsen.util: 0	:ok	:write	75
2026-03-15 10:29:15,639{GMT}	INFO	[jepsen worker 1] jepsen.util: 1	:invoke	:write	18
2026-03-15 10:29:15,641{GMT}	INFO	[jepsen worker 1] jepsen.util: 1	:ok	:write	18
2026-03-15 10:29:15,649{GMT}	INFO	[jepsen worker 2] jepsen.util: 2	:invoke	:read	nil
2026-03-15 10:29:15,650{GMT}	INFO	[jepsen worker 2] jepsen.util: 2	:ok	:read	"10"
2026-03-15 10:29:15,772{GMT}	INFO	[jepsen worker 0] jepsen.util: 0	:invoke	:read	nil
2026-03-15 10:29:15,774{GMT}	INFO	[jepsen worker 0] jepsen.util: 0	:ok	:read	"10"
2026-03-15 10:29:15,932{GMT}	INFO	[jepsen worker 0] jepsen.util: 0	:invoke	:read	nil
2026-03-15 10:29:15,934{GMT}	INFO	[jepsen worker 0] jepsen.util: 0	:ok	:read	"27"
2026-03-15 10:29:16,122{GMT}	INFO	[jepsen worker 1] jepsen.util: 1	:invoke	:write	79
2026-03-15 10:29:16,124{GMT}	INFO	[jepsen worker 1] jepsen.util: 1	:ok	:write	79
2026-03-15 10:29:16,178{GMT}	INFO	[jepsen worker 2] jepsen.util: 2	:invoke	:write	99
2026-03-15 10:29:16,179{GMT}	INFO	[jepsen worker 2] jepsen.util: 2	:ok	:write	99
2026-03-15 10:29:16,345{GMT}	INFO	[jepsen worker 0] jepsen.util: 0	:invoke	:write	64
2026-03-15 10:29:16,347{GMT}	INFO	[jepsen worker 0] jepsen.util: 0	:ok	:write	64
2026-03-15 10:29:16,396{GMT}	INFO	[jepsen worker 0] jepsen.util: 0	:invoke	:read	nil
2026-03-15 10:29:16,397{GMT}	INFO	[jepsen worker 0] jepsen.util: 0	:ok	:read	"99"
2026-03-15 10:29:16,482{GMT}	INFO	[jepsen worker 1] jepsen.util: 1	:invoke	:write	22
2026-03-15 10:29:16,483{GMT}	INFO	[jepsen worker 1] jepsen.util: 1	:ok	:write	22
2026-03-15 10:29:16,579{GMT}	INFO	[jepsen worker 2] jepsen.util: 2	:invoke	:read	nil
2026-03-15 10:29:16,580{GMT}	INFO	[jepsen worker 2] jepsen.util: 2	:ok	:read	"22"
2026-03-15 10:29:16,592{GMT}	INFO	[jepsen worker 0] jepsen.util: 0	:invoke	:write	35
2026-03-15 10:29:16,593{GMT}	INFO	[jepsen worker 0] jepsen.util: 0	:ok	:write	35
2026-03-15 10:29:16,759{GMT}	INFO	[jepsen worker 0] jepsen.util: 0	:invoke	:write	26
2026-03-15 10:29:16,760{GMT}	INFO	[jepsen worker 0] jepsen.util: 0	:ok	:write	26
2026-03-15 10:29:16,944{GMT}	INFO	[jepsen worker 1] jepsen.util: 1	:invoke	:write	31
2026-03-15 10:29:16,946{GMT}	INFO	[jepsen worker 1] jepsen.util: 1	:ok	:write	31
2026-03-15 10:29:16,956{GMT}	INFO	[jepsen worker 2] jepsen.util: 2	:invoke	:write	23
2026-03-15 10:29:16,957{GMT}	INFO	[jepsen worker 2] jepsen.util: 2	:ok	:write	23
2026-03-15 10:29:16,988{GMT}	INFO	[jepsen worker 0] jepsen.util: 0	:invoke	:write	74
2026-03-15 10:29:16,989{GMT}	INFO	[jepsen worker 0] jepsen.util: 0	:ok	:write	74
2026-03-15 10:29:17,035{GMT}	INFO	[jepsen worker 0] jepsen.util: 0	:invoke	:read	nil
2026-03-15 10:29:17,037{GMT}	INFO	[jepsen worker 0] jepsen.util: 0	:ok	:read	"23"
2026-03-15 10:29:17,134{GMT}	INFO	[jepsen worker 1] jepsen.util: 1	:invoke	:read	nil
2026-03-15 10:29:17,135{GMT}	INFO	[jepsen worker 1] jepsen.util: 1	:ok	:read	"74"
2026-03-15 10:29:17,290{GMT}	INFO	[jepsen worker 2] jepsen.util: 2	:invoke	:read	nil
2026-03-15 10:29:17,291{GMT}	INFO	[jepsen worker 2] jepsen.util: 2	:ok	:read	"23"
2026-03-15 10:29:17,414{GMT}	INFO	[jepsen worker 0] jepsen.util: 0	:invoke	:write	3
2026-03-15 10:29:17,415{GMT}	INFO	[jepsen worker 0] jepsen.util: 0	:ok	:write	3
2026-03-15 10:29:17,606{GMT}	INFO	[jepsen worker 0] jepsen.util: 0	:invoke	:read	nil
2026-03-15 10:29:17,607{GMT}	INFO	[jepsen worker 0] jepsen.util: 0	:ok	:read	"74"
2026-03-15 10:29:17,654{GMT}	INFO	[jepsen worker 1] jepsen.util: 1	:invoke	:read	nil
2026-03-15 10:29:17,655{GMT}	INFO	[jepsen worker 1] jepsen.util: 1	:ok	:read	"3"
2026-03-15 10:29:17,842{GMT}	INFO	[jepsen worker 2] jepsen.util: 2	:invoke	:write	59
2026-03-15 10:29:17,844{GMT}	INFO	[jepsen worker 2] jepsen.util: 2	:ok	:write	59
2026-03-15 10:29:18,028{GMT}	INFO	[jepsen worker 0] jepsen.util: 0	:invoke	:write	2
2026-03-15 10:29:18,029{GMT}	INFO	[jepsen worker 0] jepsen.util: 0	:ok	:write	2
2026-03-15 10:29:18,081{GMT}	INFO	[jepsen worker 0] jepsen.util: 0	:invoke	:read	nil
2026-03-15 10:29:18,082{GMT}	INFO	[jepsen worker 0] jepsen.util: 0	:ok	:read	"23"
2026-03-15 10:29:18,258{GMT}	INFO	[jepsen worker 1] jepsen.util: 1	:invoke	:write	5
2026-03-15 10:29:18,259{GMT}	INFO	[jepsen worker 1] jepsen.util: 1	:ok	:write	5
2026-03-15 10:29:18,302{GMT}	INFO	[jepsen worker 2] jepsen.util: 2	:invoke	:read	nil
2026-03-15 10:29:18,303{GMT}	INFO	[jepsen worker 2] jepsen.util: 2	:ok	:read	"5"
2026-03-15 10:29:18,365{GMT}	INFO	[jepsen worker 0] jepsen.util: 0	:invoke	:read	nil
2026-03-15 10:29:18,366{GMT}	INFO	[jepsen worker 0] jepsen.util: 0	:ok	:read	"2"
2026-03-15 10:29:18,479{GMT}	INFO	[jepsen worker 0] jepsen.util: 0	:invoke	:write	82
2026-03-15 10:29:18,480{GMT}	INFO	[jepsen worker 0] jepsen.util: 0	:ok	:write	82
2026-03-15 10:29:18,491{GMT}	INFO	[jepsen worker 1] jepsen.util: 1	:invoke	:read	nil
2026-03-15 10:29:18,492{GMT}	INFO	[jepsen worker 1] jepsen.util: 1	:ok	:read	"5"
2026-03-15 10:29:18,608{GMT}	INFO	[jepsen worker 2] jepsen.util: 2	:invoke	:read	nil
2026-03-15 10:29:18,609{GMT}	INFO	[jepsen worker 2] jepsen.util: 2	:ok	:read	"82"
2026-03-15 10:29:18,781{GMT}	INFO	[jepsen worker 0] jepsen.util: 0	:invoke	:read	nil
2026-03-15 10:29:18,782{GMT}	INFO	[jepsen worker 0] jepsen.util: 0	:ok	:read	"5"
2026-03-15 10:29:18,881{GMT}	INFO	[jepsen worker 0] jepsen.util: 0	:invoke	:write	73
2026-03-15 10:29:18,882{GMT}	INFO	[jepsen worker 0] jepsen.util: 0	:ok	:write	73
2026-03-15 10:29:18,970{GMT}	INFO	[jepsen worker 1] jepsen.util: 1	:invoke	:write	20
2026-03-15 10:29:18,971{GMT}	INFO	[jepsen worker 1] jepsen.util: 1	:ok	:write	20
2026-03-15 10:29:18,974{GMT}	INFO	[jepsen worker 2] jepsen.util: 2	:invoke	:write	90
2026-03-15 10:29:18,975{GMT}	INFO	[jepsen worker 2] jepsen.util: 2	:ok	:write	90
2026-03-15 10:29:18,976{GMT}	INFO	[jepsen worker 0] jepsen.util: 0	:invoke	:read	nil
2026-03-15 10:29:18,977{GMT}	INFO	[jepsen worker 0] jepsen.util: 0	:ok	:read	"90"
2026-03-15 10:29:19,063{GMT}	INFO	[jepsen worker 0] jepsen.util: 0	:invoke	:read	nil
2026-03-15 10:29:19,065{GMT}	INFO	[jepsen worker 0] jepsen.util: 0	:ok	:read	"90"
2026-03-15 10:29:19,258{GMT}	INFO	[jepsen worker 1] jepsen.util: 1	:invoke	:read	nil
2026-03-15 10:29:19,260{GMT}	INFO	[jepsen worker 1] jepsen.util: 1	:ok	:read	"2"
2026-03-15 10:29:19,423{GMT}	INFO	[jepsen worker 2] jepsen.util: 2	:invoke	:read	nil
2026-03-15 10:29:19,424{GMT}	INFO	[jepsen worker 2] jepsen.util: 2	:ok	:read	"2"
2026-03-15 10:29:19,543{GMT}	INFO	[jepsen worker 0] jepsen.util: 0	:invoke	:write	26
2026-03-15 10:29:19,544{GMT}	INFO	[jepsen worker 0] jepsen.util: 0	:ok	:write	26
2026-03-15 10:29:19,567{GMT}	INFO	[jepsen worker 0] jepsen.util: 0	:invoke	:write	10
2026-03-15 10:29:19,568{GMT}	INFO	[jepsen worker 0] jepsen.util: 0	:ok	:write	10
2026-03-15 10:29:19,657{GMT}	INFO	[jepsen worker 1] jepsen.util: 1	:invoke	:read	nil
2026-03-15 10:29:19,658{GMT}	INFO	[jepsen worker 1] jepsen.util: 1	:ok	:read	"26"
2026-03-15 10:29:19,749{GMT}	INFO	[jepsen worker 2] jepsen.util: 2	:invoke	:read	nil
2026-03-15 10:29:19,750{GMT}	INFO	[jepsen worker 2] jepsen.util: 2	:ok	:read	"90"
2026-03-15 10:29:19,862{GMT}	INFO	[jepsen worker 0] jepsen.util: 0	:invoke	:write	73
2026-03-15 10:29:19,864{GMT}	INFO	[jepsen worker 0] jepsen.util: 0	:ok	:write	73
2026-03-15 10:29:19,875{GMT}	INFO	[jepsen worker 0] jepsen.util: 0	:invoke	:write	53
2026-03-15 10:29:19,876{GMT}	INFO	[jepsen worker 0] jepsen.util: 0	:ok	:write	53
2026-03-15 10:29:20,051{GMT}	INFO	[jepsen worker 1] jepsen.util: 1	:invoke	:write	79
2026-03-15 10:29:20,053{GMT}	INFO	[jepsen worker 1] jepsen.util: 1	:ok	:write	79
2026-03-15 10:29:20,147{GMT}	INFO	[jepsen worker 2] jepsen.util: 2	:invoke	:read	nil
2026-03-15 10:29:20,149{GMT}	INFO	[jepsen worker 2] jepsen.util: 2	:ok	:read	"79"
2026-03-15 10:29:20,308{GMT}	INFO	[jepsen worker 0] jepsen.util: 0	:invoke	:read	nil
2026-03-15 10:29:20,310{GMT}	INFO	[jepsen worker 0] jepsen.util: 0	:ok	:read	"73"
2026-03-15 10:29:20,343{GMT}	INFO	[jepsen worker 0] jepsen.util: 0	:invoke	:read	nil
2026-03-15 10:29:20,345{GMT}	INFO	[jepsen worker 0] jepsen.util: 0	:ok	:read	"53"
2026-03-15 10:29:20,362{GMT}	INFO	[jepsen worker 1] jepsen.util: 1	:invoke	:read	nil
2026-03-15 10:29:20,364{GMT}	INFO	[jepsen worker 1] jepsen.util: 1	:ok	:read	"53"
2026-03-15 10:29:20,524{GMT}	INFO	[jepsen worker 2] jepsen.util: 2	:invoke	:write	97
2026-03-15 10:29:20,525{GMT}	INFO	[jepsen worker 2] jepsen.util: 2	:ok	:write	97
2026-03-15 10:29:20,559{GMT}	INFO	[jepsen worker 0] jepsen.util: 0	:invoke	:write	96
2026-03-15 10:29:20,560{GMT}	INFO	[jepsen worker 0] jepsen.util: 0	:ok	:write	96
2026-03-15 10:29:20,569{GMT}	INFO	[jepsen worker 0] jepsen.util: 0	:invoke	:write	70
2026-03-15 10:29:20,570{GMT}	INFO	[jepsen worker 0] jepsen.util: 0	:ok	:write	70
2026-03-15 10:29:20,649{GMT}	INFO	[jepsen worker 1] jepsen.util: 1	:invoke	:read	nil
2026-03-15 10:29:20,650{GMT}	INFO	[jepsen worker 1] jepsen.util: 1	:ok	:read	"53"
2026-03-15 10:29:20,786{GMT}	INFO	[jepsen worker 2] jepsen.util: 2	:invoke	:read	nil
2026-03-15 10:29:20,787{GMT}	INFO	[jepsen worker 2] jepsen.util: 2	:ok	:read	"53"
2026-03-15 10:29:20,898{GMT}	INFO	[jepsen worker 0] jepsen.util: 0	:invoke	:write	23
2026-03-15 10:29:20,900{GMT}	INFO	[jepsen worker 0] jepsen.util: 0	:ok	:write	23
2026-03-15 10:29:21,045{GMT}	INFO	[jepsen worker 0] jepsen.util: 0	:invoke	:read	nil
2026-03-15 10:29:21,046{GMT}	INFO	[jepsen worker 0] jepsen.util: 0	:ok	:read	"73"
2026-03-15 10:29:21,109{GMT}	INFO	[jepsen worker 1] jepsen.util: 1	:invoke	:read	nil
2026-03-15 10:29:21,110{GMT}	INFO	[jepsen worker 1] jepsen.util: 1	:ok	:read	"70"
2026-03-15 10:29:21,246{GMT}	INFO	[jepsen worker 2] jepsen.util: 2	:invoke	:write	12
2026-03-15 10:29:21,247{GMT}	INFO	[jepsen worker 2] jepsen.util: 2	:ok	:write	12
2026-03-15 10:29:21,377{GMT}	INFO	[jepsen worker 0] jepsen.util: 0	:invoke	:read	nil
2026-03-15 10:29:21,379{GMT}	INFO	[jepsen worker 0] jepsen.util: 0	:ok	:read	"12"
2026-03-15 10:29:21,560{GMT}	INFO	[jepsen worker 0] jepsen.util: 0	:invoke	:write	36
2026-03-15 10:29:21,561{GMT}	INFO	[jepsen worker 0] jepsen.util: 0	:ok	:write	36
2026-03-15 10:29:21,664{GMT}	INFO	[jepsen worker 1] jepsen.util: 1	:invoke	:read	nil
2026-03-15 10:29:21,665{GMT}	INFO	[jepsen worker 1] jepsen.util: 1	:ok	:read	"36"
2026-03-15 10:29:21,772{GMT}	INFO	[jepsen worker 2] jepsen.util: 2	:invoke	:write	89
2026-03-15 10:29:21,773{GMT}	INFO	[jepsen worker 2] jepsen.util: 2	:ok	:write	89
2026-03-15 10:29:21,948{GMT}	INFO	[jepsen worker 0] jepsen.util: 0	:invoke	:read	nil
2026-03-15 10:29:21,950{GMT}	INFO	[jepsen worker 0] jepsen.util: 0	:ok	:read	"89"
2026-03-15 10:29:22,130{GMT}	INFO	[jepsen worker 0] jepsen.util: 0	:invoke	:write	13
2026-03-15 10:29:22,131{GMT}	INFO	[jepsen worker 0] jepsen.util: 0	:ok	:write	13
2026-03-15 10:29:22,175{GMT}	INFO	[jepsen worker 1] jepsen.util: 1	:invoke	:read	nil
2026-03-15 10:29:22,177{GMT}	INFO	[jepsen worker 1] jepsen.util: 1	:ok	:read	"13"
2026-03-15 10:29:22,266{GMT}	INFO	[jepsen worker 2] jepsen.util: 2	:invoke	:read	nil
2026-03-15 10:29:22,268{GMT}	INFO	[jepsen worker 2] jepsen.util: 2	:ok	:read	"13"
2026-03-15 10:29:22,465{GMT}	INFO	[jepsen worker 0] jepsen.util: 0	:invoke	:read	nil
2026-03-15 10:29:22,466{GMT}	INFO	[jepsen worker 0] jepsen.util: 0	:ok	:read	"13"
2026-03-15 10:29:22,490{GMT}	INFO	[jepsen worker 0] jepsen.util: 0	:invoke	:write	90
2026-03-15 10:29:22,491{GMT}	INFO	[jepsen worker 0] jepsen.util: 0	:ok	:write	90
2026-03-15 10:29:22,633{GMT}	INFO	[jepsen worker 1] jepsen.util: 1	:invoke	:write	27
2026-03-15 10:29:22,635{GMT}	INFO	[jepsen worker 1] jepsen.util: 1	:ok	:write	27
2026-03-15 10:29:22,787{GMT}	INFO	[jepsen worker 2] jepsen.util: 2	:invoke	:read	nil
2026-03-15 10:29:22,788{GMT}	INFO	[jepsen worker 2] jepsen.util: 2	:ok	:read	"90"
2026-03-15 10:29:22,907{GMT}	INFO	[jepsen worker 0] jepsen.util: 0	:invoke	:read	nil
2026-03-15 10:29:22,909{GMT}	INFO	[jepsen worker 0] jepsen.util: 0	:ok	:read	"27"
2026-03-15 10:29:23,028{GMT}	INFO	[jepsen worker 0] jepsen.util: 0	:invoke	:read	nil
2026-03-15 10:29:23,029{GMT}	INFO	[jepsen worker 0] jepsen.util: 0	:ok	:read	"27"
2026-03-15 10:29:23,038{GMT}	INFO	[jepsen worker 1] jepsen.util: 1	:invoke	:read	nil
2026-03-15 10:29:23,040{GMT}	INFO	[jepsen worker 1] jepsen.util: 1	:ok	:read	"90"
2026-03-15 10:29:23,144{GMT}	INFO	[jepsen worker 2] jepsen.util: 2	:invoke	:read	nil
2026-03-15 10:29:23,145{GMT}	INFO	[jepsen worker 0] jepsen.util: 0	:invoke	:read	nil
2026-03-15 10:29:23,145{GMT}	INFO	[jepsen worker 2] jepsen.util: 2	:ok	:read	"27"
2026-03-15 10:29:23,146{GMT}	INFO	[jepsen worker 0] jepsen.util: 0	:ok	:read	"13"
2026-03-15 10:29:23,220{GMT}	INFO	[jepsen worker 0] jepsen.util: 0	:invoke	:write	42
2026-03-15 10:29:23,221{GMT}	INFO	[jepsen worker 0] jepsen.util: 0	:ok	:write	42
2026-03-15 10:29:23,252{GMT}	INFO	[jepsen worker 1] jepsen.util: 1	:invoke	:write	65
2026-03-15 10:29:23,254{GMT}	INFO	[jepsen worker 1] jepsen.util: 1	:ok	:write	65
2026-03-15 10:29:23,280{GMT}	INFO	[jepsen worker 2] jepsen.util: 2	:invoke	:write	28
2026-03-15 10:29:23,281{GMT}	INFO	[jepsen worker 2] jepsen.util: 2	:ok	:write	28
2026-03-15 10:29:23,413{GMT}	INFO	[jepsen worker 0] jepsen.util: 0	:invoke	:write	40
2026-03-15 10:29:23,414{GMT}	INFO	[jepsen worker 0] jepsen.util: 0	:ok	:write	40
2026-03-15 10:29:23,481{GMT}	INFO	[jepsen worker 0] jepsen.util: 0	:invoke	:read	nil
2026-03-15 10:29:23,482{GMT}	INFO	[jepsen worker 0] jepsen.util: 0	:ok	:read	"40"
2026-03-15 10:29:23,540{GMT}	INFO	[jepsen worker 1] jepsen.util: 1	:invoke	:read	nil
2026-03-15 10:29:23,541{GMT}	INFO	[jepsen worker 1] jepsen.util: 1	:ok	:read	"40"
2026-03-15 10:29:23,562{GMT}	INFO	[jepsen worker 2] jepsen.util: 2	:invoke	:write	58
2026-03-15 10:29:23,563{GMT}	INFO	[jepsen worker 2] jepsen.util: 2	:ok	:write	58
2026-03-15 10:29:23,653{GMT}	INFO	[jepsen worker 0] jepsen.util: 0	:invoke	:write	62
2026-03-15 10:29:23,654{GMT}	INFO	[jepsen worker 0] jepsen.util: 0	:ok	:write	62
2026-03-15 10:29:23,825{GMT}	INFO	[jepsen worker 0] jepsen.util: 0	:invoke	:write	63
2026-03-15 10:29:23,826{GMT}	INFO	[jepsen worker 0] jepsen.util: 0	:ok	:write	63
2026-03-15 10:29:24,020{GMT}	INFO	[jepsen worker 1] jepsen.util: 1	:invoke	:write	69
2026-03-15 10:29:24,021{GMT}	INFO	[jepsen worker 1] jepsen.util: 1	:ok	:write	69
2026-03-15 10:29:24,027{GMT}	INFO	[jepsen worker 2] jepsen.util: 2	:invoke	:write	54
2026-03-15 10:29:24,028{GMT}	INFO	[jepsen worker 2] jepsen.util: 2	:ok	:write	54
2026-03-15 10:29:24,123{GMT}	INFO	[jepsen worker 0] jepsen.util: 0	:invoke	:read	nil
2026-03-15 10:29:24,124{GMT}	INFO	[jepsen worker 0] jepsen.util: 0	:ok	:read	"42"
2026-03-15 10:29:24,222{GMT}	INFO	[jepsen worker 0] jepsen.util: 0	:invoke	:write	17
2026-03-15 10:29:24,223{GMT}	INFO	[jepsen worker 0] jepsen.util: 0	:ok	:write	17
2026-03-15 10:29:24,293{GMT}	INFO	[jepsen worker 1] jepsen.util: 1	:invoke	:read	nil
2026-03-15 10:29:24,295{GMT}	INFO	[jepsen worker 1] jepsen.util: 1	:ok	:read	"40"
2026-03-15 10:29:24,385{GMT}	INFO	[jepsen worker 2] jepsen.util: 2	:invoke	:read	nil
2026-03-15 10:29:24,386{GMT}	INFO	[jepsen worker 2] jepsen.util: 2	:ok	:read	"54"
2026-03-15 10:29:24,493{GMT}	INFO	[jepsen worker 0] jepsen.util: 0	:invoke	:write	2
2026-03-15 10:29:24,494{GMT}	INFO	[jepsen worker 0] jepsen.util: 0	:ok	:write	2
2026-03-15 10:29:24,658{GMT}	INFO	[jepsen worker 0] jepsen.util: 0	:invoke	:write	16
2026-03-15 10:29:24,659{GMT}	INFO	[jepsen worker 0] jepsen.util: 0	:ok	:write	16
2026-03-15 10:29:24,790{GMT}	INFO	[jepsen worker 1] jepsen.util: 1	:invoke	:read	nil
2026-03-15 10:29:24,791{GMT}	INFO	[jepsen worker 1] jepsen.util: 1	:ok	:read	"17"
2026-03-15 10:29:24,793{GMT}	INFO	[jepsen worker 2] jepsen.util: 2	:invoke	:read	nil
2026-03-15 10:29:24,794{GMT}	INFO	[jepsen worker 2] jepsen.util: 2	:ok	:read	"2"
2026-03-15 10:29:24,968{GMT}	INFO	[jepsen worker 0] jepsen.util: 0	:invoke	:read	nil
2026-03-15 10:29:24,969{GMT}	INFO	[jepsen worker 0] jepsen.util: 0	:ok	:read	"16"
2026-03-15 10:29:25,162{GMT}	INFO	[jepsen worker 0] jepsen.util: 0	:invoke	:read	nil
2026-03-15 10:29:25,163{GMT}	INFO	[jepsen worker 0] jepsen.util: 0	:ok	:read	"17"
2026-03-15 10:29:25,182{GMT}	INFO	[jepsen worker 1] jepsen.util: 1	:invoke	:read	nil
2026-03-15 10:29:25,183{GMT}	INFO	[jepsen worker 1] jepsen.util: 1	:ok	:read	"17"
2026-03-15 10:29:25,241{GMT}	INFO	[jepsen worker 2] jepsen.util: 2	:invoke	:read	nil
2026-03-15 10:29:25,242{GMT}	INFO	[jepsen worker 2] jepsen.util: 2	:ok	:read	"17"
2026-03-15 10:29:25,321{GMT}	INFO	[jepsen worker 0] jepsen.util: 0	:invoke	:read	nil
2026-03-15 10:29:25,322{GMT}	INFO	[jepsen worker 0] jepsen.util: 0	:ok	:read	"16"
2026-03-15 10:29:25,438{GMT}	INFO	[jepsen worker 0] jepsen.util: 0	:invoke	:write	58
2026-03-15 10:29:25,439{GMT}	INFO	[jepsen worker 0] jepsen.util: 0	:ok	:write	58
2026-03-15 10:29:25,527{GMT}	INFO	[jepsen worker 1] jepsen.util: 1	:invoke	:read	nil
2026-03-15 10:29:25,528{GMT}	INFO	[jepsen worker 1] jepsen.util: 1	:ok	:read	"16"
2026-03-15 10:29:25,560{GMT}	INFO	[jepsen worker 2] jepsen.util: 2	:invoke	:write	98
2026-03-15 10:29:25,561{GMT}	INFO	[jepsen worker 2] jepsen.util: 2	:ok	:write	98
2026-03-15 10:29:25,699{GMT}	INFO	[jepsen worker 0] jepsen.util: 0	:invoke	:read	nil
2026-03-15 10:29:25,700{GMT}	INFO	[jepsen worker 0] jepsen.util: 0	:ok	:read	"2"
2026-03-15 10:29:25,756{GMT}	INFO	[jepsen worker 0] jepsen.util: 0	:invoke	:write	98
2026-03-15 10:29:25,757{GMT}	INFO	[jepsen worker 0] jepsen.util: 0	:ok	:write	98
2026-03-15 10:29:25,834{GMT}	INFO	[jepsen worker 1] jepsen.util: 1	:invoke	:write	88
2026-03-15 10:29:25,835{GMT}	INFO	[jepsen worker 1] jepsen.util: 1	:ok	:write	88
2026-03-15 10:29:25,852{GMT}	INFO	[jepsen worker 2] jepsen.util: 2	:invoke	:read	nil
2026-03-15 10:29:25,853{GMT}	INFO	[jepsen worker 2] jepsen.util: 2	:ok	:read	"2"
2026-03-15 10:29:25,902{GMT}	INFO	[jepsen worker 0] jepsen.util: 0	:invoke	:read	nil
2026-03-15 10:29:25,903{GMT}	INFO	[jepsen worker 0] jepsen.util: 0	:ok	:read	"2"
2026-03-15 10:29:26,000{GMT}	INFO	[jepsen worker 0] jepsen.util: 0	:invoke	:read	nil
2026-03-15 10:29:26,002{GMT}	INFO	[jepsen worker 0] jepsen.util: 0	:ok	:read	"88"
2026-03-15 10:29:26,198{GMT}	INFO	[jepsen worker 1] jepsen.util: 1	:invoke	:write	82
2026-03-15 10:29:26,199{GMT}	INFO	[jepsen worker 1] jepsen.util: 1	:ok	:write	82
2026-03-15 10:29:26,259{GMT}	INFO	[jepsen worker 2] jepsen.util: 2	:invoke	:read	nil
2026-03-15 10:29:26,260{GMT}	INFO	[jepsen worker 2] jepsen.util: 2	:ok	:read	"88"
2026-03-15 10:29:26,330{GMT}	INFO	[jepsen worker 0] jepsen.util: 0	:invoke	:write	80
2026-03-15 10:29:26,331{GMT}	INFO	[jepsen worker 0] jepsen.util: 0	:ok	:write	80
2026-03-15 10:29:26,372{GMT}	INFO	[jepsen worker 0] jepsen.util: 0	:invoke	:read	nil
2026-03-15 10:29:26,374{GMT}	INFO	[jepsen worker 0] jepsen.util: 0	:ok	:read	"80"
2026-03-15 10:29:26,460{GMT}	INFO	[jepsen worker 1] jepsen.util: 1	:invoke	:write	56
2026-03-15 10:29:26,461{GMT}	INFO	[jepsen worker 1] jepsen.util: 1	:ok	:write	56
2026-03-15 10:29:26,653{GMT}	INFO	[jepsen worker 2] jepsen.util: 2	:invoke	:read	nil
2026-03-15 10:29:26,654{GMT}	INFO	[jepsen worker 2] jepsen.util: 2	:ok	:read	"80"
2026-03-15 10:29:26,702{GMT}	INFO	[jepsen worker 0] jepsen.util: 0	:invoke	:write	2
2026-03-15 10:29:26,703{GMT}	INFO	[jepsen worker 0] jepsen.util: 0	:ok	:write	2
2026-03-15 10:29:26,810{GMT}	INFO	[jepsen worker 0] jepsen.util: 0	:invoke	:write	52
2026-03-15 10:29:26,811{GMT}	INFO	[jepsen worker 0] jepsen.util: 0	:ok	:write	52
2026-03-15 10:29:26,910{GMT}	INFO	[jepsen worker 1] jepsen.util: 1	:invoke	:read	nil
2026-03-15 10:29:26,912{GMT}	INFO	[jepsen worker 1] jepsen.util: 1	:ok	:read	"56"
2026-03-15 10:29:26,957{GMT}	INFO	[jepsen worker 2] jepsen.util: 2	:invoke	:read	nil
2026-03-15 10:29:26,958{GMT}	INFO	[jepsen worker 2] jepsen.util: 2	:ok	:read	"56"
2026-03-15 10:29:27,099{GMT}	INFO	[jepsen worker 0] jepsen.util: 0	:invoke	:write	9
2026-03-15 10:29:27,100{GMT}	INFO	[jepsen worker 0] jepsen.util: 0	:ok	:write	9
2026-03-15 10:29:27,102{GMT}	INFO	[jepsen worker 0] jepsen.util: 0	:invoke	:read	nil
2026-03-15 10:29:27,103{GMT}	INFO	[jepsen worker 0] jepsen.util: 0	:ok	:read	"2"
2026-03-15 10:29:27,172{GMT}	INFO	[jepsen worker 1] jepsen.util: 1	:invoke	:write	22
2026-03-15 10:29:27,173{GMT}	INFO	[jepsen worker 1] jepsen.util: 1	:ok	:write	22
2026-03-15 10:29:27,282{GMT}	INFO	[jepsen worker 2] jepsen.util: 2	:invoke	:write	3
2026-03-15 10:29:27,283{GMT}	INFO	[jepsen worker 2] jepsen.util: 2	:ok	:write	3
2026-03-15 10:29:27,425{GMT}	INFO	[jepsen worker 0] jepsen.util: 0	:invoke	:write	76
2026-03-15 10:29:27,427{GMT}	INFO	[jepsen worker 0] jepsen.util: 0	:ok	:write	76
2026-03-15 10:29:27,440{GMT}	INFO	[jepsen worker 0] jepsen.util: 0	:invoke	:read	nil
2026-03-15 10:29:27,441{GMT}	INFO	[jepsen worker 0] jepsen.util: 0	:ok	:read	"3"
2026-03-15 10:29:27,481{GMT}	INFO	[jepsen worker 1] jepsen.util: 1	:invoke	:read	nil
2026-03-15 10:29:27,482{GMT}	INFO	[jepsen worker 1] jepsen.util: 1	:ok	:read	"76"
2026-03-15 10:29:27,500{GMT}	INFO	[jepsen worker 2] jepsen.util: 2	:invoke	:read	nil
2026-03-15 10:29:27,501{GMT}	INFO	[jepsen worker 2] jepsen.util: 2	:ok	:read	"2"
2026-03-15 10:29:27,677{GMT}	INFO	[jepsen worker 0] jepsen.util: 0	:invoke	:read	nil
2026-03-15 10:29:27,679{GMT}	INFO	[jepsen worker 0] jepsen.util: 0	:ok	:read	"2"
2026-03-15 10:29:27,805{GMT}	INFO	[jepsen worker 0] jepsen.util: 0	:invoke	:read	nil
2026-03-15 10:29:27,806{GMT}	INFO	[jepsen worker 0] jepsen.util: 0	:ok	:read	"76"
2026-03-15 10:29:28,002{GMT}	INFO	[jepsen worker 1] jepsen.util: 1	:invoke	:write	25
2026-03-15 10:29:28,004{GMT}	INFO	[jepsen worker 1] jepsen.util: 1	:ok	:write	25
2026-03-15 10:29:28,023{GMT}	INFO	[jepsen worker 2] jepsen.util: 2	:invoke	:read	nil
2026-03-15 10:29:28,024{GMT}	INFO	[jepsen worker 2] jepsen.util: 2	:ok	:read	"76"
2026-03-15 10:29:28,175{GMT}	INFO	[jepsen worker 0] jepsen.util: 0	:invoke	:read	nil
2026-03-15 10:29:28,176{GMT}	INFO	[jepsen worker 0] jepsen.util: 0	:ok	:read	"3"
2026-03-15 10:29:28,251{GMT}	INFO	[jepsen worker 0] jepsen.util: 0	:invoke	:read	nil
2026-03-15 10:29:28,252{GMT}	INFO	[jepsen worker 0] jepsen.util: 0	:ok	:read	"76"
2026-03-15 10:29:28,415{GMT}	INFO	[jepsen worker 1] jepsen.util: 1	:invoke	:write	99
2026-03-15 10:29:28,416{GMT}	INFO	[jepsen worker 1] jepsen.util: 1	:ok	:write	99
2026-03-15 10:29:28,456{GMT}	INFO	[jepsen worker 2] jepsen.util: 2	:invoke	:read	nil
2026-03-15 10:29:28,457{GMT}	INFO	[jepsen worker 2] jepsen.util: 2	:ok	:read	"25"
2026-03-15 10:29:28,464{GMT}	INFO	[jepsen worker 0] jepsen.util: 0	:invoke	:read	nil
2026-03-15 10:29:28,465{GMT}	INFO	[jepsen worker 0] jepsen.util: 0	:ok	:read	"3"
2026-03-15 10:29:28,664{GMT}	INFO	[jepsen worker 0] jepsen.util: 0	:invoke	:read	nil
2026-03-15 10:29:28,665{GMT}	INFO	[jepsen worker 0] jepsen.util: 0	:ok	:read	"25"
2026-03-15 10:29:28,785{GMT}	INFO	[jepsen worker 1] jepsen.util: 1	:invoke	:read	nil
2026-03-15 10:29:28,786{GMT}	INFO	[jepsen worker 1] jepsen.util: 1	:ok	:read	"25"
2026-03-15 10:29:28,851{GMT}	INFO	[jepsen worker 2] jepsen.util: 2	:invoke	:write	38
2026-03-15 10:29:28,852{GMT}	INFO	[jepsen worker 2] jepsen.util: 2	:ok	:write	38
2026-03-15 10:29:28,983{GMT}	INFO	[jepsen worker 0] jepsen.util: 0	:invoke	:read	nil
2026-03-15 10:29:28,985{GMT}	INFO	[jepsen worker 0] jepsen.util: 0	:ok	:read	"38"
2026-03-15 10:29:28,985{GMT}	INFO	[jepsen worker 0] jepsen.util: 0	:invoke	:read	nil
2026-03-15 10:29:28,986{GMT}	INFO	[jepsen worker 0] jepsen.util: 0	:ok	:read	"99"
2026-03-15 10:29:29,166{GMT}	INFO	[jepsen worker 1] jepsen.util: 1	:invoke	:write	38
2026-03-15 10:29:29,168{GMT}	INFO	[jepsen worker 1] jepsen.util: 1	:ok	:write	38
2026-03-15 10:29:29,308{GMT}	INFO	[jepsen worker 2] jepsen.util: 2	:invoke	:write	96
2026-03-15 10:29:29,309{GMT}	INFO	[jepsen worker 2] jepsen.util: 2	:ok	:write	96
2026-03-15 10:29:29,378{GMT}	INFO	[jepsen worker 0] jepsen.util: 0	:invoke	:read	nil
2026-03-15 10:29:29,379{GMT}	INFO	[jepsen worker 0] jepsen.util: 0	:ok	:read	"96"
2026-03-15 10:29:29,386{GMT}	INFO	[jepsen worker 0] jepsen.util: 0	:invoke	:write	92
2026-03-15 10:29:29,387{GMT}	INFO	[jepsen worker 0] jepsen.util: 0	:ok	:write	92
2026-03-15 10:29:29,390{GMT}	INFO	[jepsen worker 1] jepsen.util: 1	:invoke	:read	nil
2026-03-15 10:29:29,391{GMT}	INFO	[jepsen worker 1] jepsen.util: 1	:ok	:read	"92"
2026-03-15 10:29:29,491{GMT}	INFO	[jepsen worker 2] jepsen.util: 2	:invoke	:read	nil
2026-03-15 10:29:29,492{GMT}	INFO	[jepsen worker 2] jepsen.util: 2	:ok	:read	"38"
2026-03-15 10:29:29,593{GMT}	INFO	[jepsen worker 0] jepsen.util: 0	:invoke	:read	nil
2026-03-15 10:29:29,594{GMT}	INFO	[jepsen worker 0] jepsen.util: 0	:ok	:read	"96"
2026-03-15 10:29:29,715{GMT}	INFO	[jepsen worker 0] jepsen.util: 0	:invoke	:read	nil
2026-03-15 10:29:29,716{GMT}	INFO	[jepsen worker 0] jepsen.util: 0	:ok	:read	"92"
2026-03-15 10:29:29,845{GMT}	INFO	[jepsen worker 1] jepsen.util: 1	:invoke	:write	75
2026-03-15 10:29:29,846{GMT}	INFO	[jepsen worker 1] jepsen.util: 1	:ok	:write	75
2026-03-15 10:29:30,000{GMT}	INFO	[jepsen worker 2] jepsen.util: 2	:invoke	:write	30
2026-03-15 10:29:30,001{GMT}	INFO	[jepsen worker 2] jepsen.util: 2	:ok	:write	30
2026-03-15 10:29:30,172{GMT}	INFO	[jepsen worker 0] jepsen.util: 0	:invoke	:write	13
2026-03-15 10:29:30,173{GMT}	INFO	[jepsen worker 0] jepsen.util: 0	:ok	:write	13
2026-03-15 10:29:30,339{GMT}	INFO	[jepsen worker 0] jepsen.util: 0	:invoke	:read	nil
2026-03-15 10:29:30,340{GMT}	INFO	[jepsen worker 0] jepsen.util: 0	:ok	:read	"13"
2026-03-15 10:29:30,407{GMT}	INFO	[jepsen worker 1] jepsen.util: 1	:invoke	:write	45
2026-03-15 10:29:30,409{GMT}	INFO	[jepsen worker 1] jepsen.util: 1	:ok	:write	45
2026-03-15 10:29:30,447{GMT}	INFO	[jepsen worker 2] jepsen.util: 2	:invoke	:read	nil
2026-03-15 10:29:30,448{GMT}	INFO	[jepsen worker 2] jepsen.util: 2	:ok	:read	"30"
2026-03-15 10:29:30,532{GMT}	INFO	[jepsen worker 0] jepsen.util: 0	:invoke	:write	55
2026-03-15 10:29:30,533{GMT}	INFO	[jepsen worker 0] jepsen.util: 0	:ok	:write	55
2026-03-15 10:29:30,649{GMT}	INFO	[jepsen worker 0] jepsen.util: 0	:invoke	:write	2
2026-03-15 10:29:30,650{GMT}	INFO	[jepsen worker 0] jepsen.util: 0	:ok	:write	2
2026-03-15 10:29:30,774{GMT}	INFO	[jepsen worker 1] jepsen.util: 1	:invoke	:read	nil
2026-03-15 10:29:30,775{GMT}	INFO	[jepsen worker 1] jepsen.util: 1	:ok	:read	"55"
2026-03-15 10:29:30,918{GMT}	INFO	[jepsen worker 2] jepsen.util: 2	:invoke	:read	nil
2026-03-15 10:29:30,919{GMT}	INFO	[jepsen worker 2] jepsen.util: 2	:ok	:read	"30"
2026-03-15 10:29:30,940{GMT}	INFO	[jepsen worker 0] jepsen.util: 0	:invoke	:read	nil
2026-03-15 10:29:30,941{GMT}	INFO	[jepsen worker 0] jepsen.util: 0	:ok	:read	"30"
2026-03-15 10:29:30,953{GMT}	INFO	[jepsen worker 0] jepsen.util: 0	:invoke	:write	64
2026-03-15 10:29:30,953{GMT}	INFO	[jepsen worker 0] jepsen.util: 0	:ok	:write	64
2026-03-15 10:29:31,050{GMT}	INFO	[jepsen worker 1] jepsen.util: 1	:invoke	:read	nil
2026-03-15 10:29:31,051{GMT}	INFO	[jepsen worker 1] jepsen.util: 1	:ok	:read	"64"
2026-03-15 10:29:31,127{GMT}	INFO	[jepsen worker 2] jepsen.util: 2	:invoke	:read	nil
2026-03-15 10:29:31,128{GMT}	INFO	[jepsen worker 2] jepsen.util: 2	:ok	:read	"55"
2026-03-15 10:29:31,277{GMT}	INFO	[jepsen worker 0] jepsen.util: 0	:invoke	:write	85
2026-03-15 10:29:31,278{GMT}	INFO	[jepsen worker 0] jepsen.util: 0	:ok	:write	85
2026-03-15 10:29:31,442{GMT}	INFO	[jepsen worker 0] jepsen.util: 0	:invoke	:write	3
2026-03-15 10:29:31,444{GMT}	INFO	[jepsen worker 0] jepsen.util: 0	:ok	:write	3
2026-03-15 10:29:31,538{GMT}	INFO	[jepsen worker 1] jepsen.util: 1	:invoke	:read	nil
2026-03-15 10:29:31,540{GMT}	INFO	[jepsen worker 1] jepsen.util: 1	:ok	:read	"3"
2026-03-15 10:29:31,632{GMT}	INFO	[jepsen worker 2] jepsen.util: 2	:invoke	:write	24
2026-03-15 10:29:31,634{GMT}	INFO	[jepsen worker 2] jepsen.util: 2	:ok	:write	24
2026-03-15 10:29:31,705{GMT}	INFO	[jepsen worker 0] jepsen.util: 0	:invoke	:write	94
2026-03-15 10:29:31,707{GMT}	INFO	[jepsen worker 0] jepsen.util: 0	:ok	:write	94
2026-03-15 10:29:31,870{GMT}	INFO	[jepsen worker 0] jepsen.util: 0	:invoke	:read	nil
2026-03-15 10:29:31,871{GMT}	INFO	[jepsen worker 0] jepsen.util: 0	:ok	:read	"94"
2026-03-15 10:29:32,039{GMT}	INFO	[jepsen worker 1] jepsen.util: 1	:invoke	:write	89
2026-03-15 10:29:32,040{GMT}	INFO	[jepsen worker 1] jepsen.util: 1	:ok	:write	89
2026-03-15 10:29:32,127{GMT}	INFO	[jepsen worker 2] jepsen.util: 2	:invoke	:write	68
2026-03-15 10:29:32,128{GMT}	INFO	[jepsen worker 2] jepsen.util: 2	:ok	:write	68
2026-03-15 10:29:32,148{GMT}	INFO	[jepsen worker 0] jepsen.util: 0	:invoke	:write	56
2026-03-15 10:29:32,149{GMT}	INFO	[jepsen worker 0] jepsen.util: 0	:ok	:write	56
2026-03-15 10:29:32,196{GMT}	INFO	[jepsen worker 0] jepsen.util: 0	:invoke	:read	nil
2026-03-15 10:29:32,198{GMT}	INFO	[jepsen worker 0] jepsen.util: 0	:ok	:read	"56"
2026-03-15 10:29:32,210{GMT}	INFO	[jepsen worker 1] jepsen.util: 1	:invoke	:write	27
2026-03-15 10:29:32,211{GMT}	INFO	[jepsen worker 1] jepsen.util: 1	:ok	:write	27
2026-03-15 10:29:32,369{GMT}	INFO	[jepsen worker 2] jepsen.util: 2	:invoke	:read	nil
2026-03-15 10:29:32,370{GMT}	INFO	[jepsen worker 2] jepsen.util: 2	:ok	:read	"56"
2026-03-15 10:29:32,525{GMT}	INFO	[jepsen worker 0] jepsen.util: 0	:invoke	:write	36
2026-03-15 10:29:32,526{GMT}	INFO	[jepsen worker 0] jepsen.util: 0	:ok	:write	36
2026-03-15 10:29:32,585{GMT}	INFO	[jepsen worker 0] jepsen.util: 0	:invoke	:write	30
2026-03-15 10:29:32,587{GMT}	INFO	[jepsen worker 0] jepsen.util: 0	:ok	:write	30
2026-03-15 10:29:32,601{GMT}	INFO	[jepsen worker 1] jepsen.util: 1	:invoke	:write	63
2026-03-15 10:29:32,602{GMT}	INFO	[jepsen worker 1] jepsen.util: 1	:ok	:write	63
2026-03-15 10:29:32,729{GMT}	INFO	[jepsen worker 2] jepsen.util: 2	:invoke	:write	44
2026-03-15 10:29:32,730{GMT}	INFO	[jepsen worker 2] jepsen.util: 2	:ok	:write	44
2026-03-15 10:29:32,891{GMT}	INFO	[jepsen worker 0] jepsen.util: 0	:invoke	:read	nil
2026-03-15 10:29:32,892{GMT}	INFO	[jepsen worker 0] jepsen.util: 0	:ok	:read	"30"
2026-03-15 10:29:33,014{GMT}	INFO	[jepsen worker 0] jepsen.util: 0	:invoke	:read	nil
2026-03-15 10:29:33,015{GMT}	INFO	[jepsen worker 0] jepsen.util: 0	:ok	:read	"44"
2026-03-15 10:29:33,108{GMT}	INFO	[jepsen worker 1] jepsen.util: 1	:invoke	:read	nil
2026-03-15 10:29:33,109{GMT}	INFO	[jepsen worker 1] jepsen.util: 1	:ok	:read	"30"
2026-03-15 10:29:33,132{GMT}	INFO	[jepsen worker 2] jepsen.util: 2	:invoke	:write	16
2026-03-15 10:29:33,133{GMT}	INFO	[jepsen worker 2] jepsen.util: 2	:ok	:write	16
2026-03-15 10:29:33,193{GMT}	INFO	[jepsen worker 0] jepsen.util: 0	:invoke	:read	nil
2026-03-15 10:29:33,194{GMT}	INFO	[jepsen worker 0] jepsen.util: 0	:ok	:read	"16"
2026-03-15 10:29:33,314{GMT}	INFO	[jepsen worker 0] jepsen.util: 0	:invoke	:read	nil
2026-03-15 10:29:33,314{GMT}	INFO	[jepsen worker 0] jepsen.util: 0	:ok	:read	"16"
2026-03-15 10:29:33,341{GMT}	INFO	[jepsen worker 1] jepsen.util: 1	:invoke	:write	76
2026-03-15 10:29:33,342{GMT}	INFO	[jepsen worker 1] jepsen.util: 1	:ok	:write	76
2026-03-15 10:29:33,510{GMT}	INFO	[jepsen worker 2] jepsen.util: 2	:invoke	:write	69
2026-03-15 10:29:33,512{GMT}	INFO	[jepsen worker 2] jepsen.util: 2	:ok	:write	69
2026-03-15 10:29:33,516{GMT}	INFO	[jepsen worker 0] jepsen.util: 0	:invoke	:write	78
2026-03-15 10:29:33,517{GMT}	INFO	[jepsen worker 0] jepsen.util: 0	:ok	:write	78
2026-03-15 10:29:33,579{GMT}	INFO	[jepsen worker 0] jepsen.util: 0	:invoke	:read	nil
2026-03-15 10:29:33,580{GMT}	INFO	[jepsen worker 0] jepsen.util: 0	:ok	:read	"30"
2026-03-15 10:29:33,632{GMT}	INFO	[jepsen worker 1] jepsen.util: 1	:invoke	:write	5
2026-03-15 10:29:33,633{GMT}	INFO	[jepsen worker 1] jepsen.util: 1	:ok	:write	5
2026-03-15 10:29:33,643{GMT}	INFO	[jepsen worker 2] jepsen.util: 2	:invoke	:write	85
2026-03-15 10:29:33,644{GMT}	INFO	[jepsen worker 2] jepsen.util: 2	:ok	:write	85
2026-03-15 10:29:33,667{GMT}	INFO	[jepsen worker 0] jepsen.util: 0	:invoke	:write	87
2026-03-15 10:29:33,668{GMT}	INFO	[jepsen worker 0] jepsen.util: 0	:ok	:write	87
2026-03-15 10:29:33,811{GMT}	INFO	[jepsen worker 0] jepsen.util: 0	:invoke	:write	71
2026-03-15 10:29:33,812{GMT}	INFO	[jepsen worker 0] jepsen.util: 0	:ok	:write	71
2026-03-15 10:29:33,917{GMT}	INFO	[jepsen worker 1] jepsen.util: 1	:invoke	:write	6
2026-03-15 10:29:33,918{GMT}	INFO	[jepsen worker 1] jepsen.util: 1	:ok	:write	6
2026-03-15 10:29:34,080{GMT}	INFO	[jepsen worker 2] jepsen.util: 2	:invoke	:read	nil
2026-03-15 10:29:34,081{GMT}	INFO	[jepsen worker 2] jepsen.util: 2	:ok	:read	"71"
2026-03-15 10:29:34,156{GMT}	INFO	[jepsen worker 0] jepsen.util: 0	:invoke	:write	17
2026-03-15 10:29:34,158{GMT}	INFO	[jepsen worker 0] jepsen.util: 0	:ok	:write	17
2026-03-15 10:29:34,268{GMT}	INFO	[jepsen worker 0] jepsen.util: 0	:invoke	:read	nil
2026-03-15 10:29:34,269{GMT}	INFO	[jepsen worker 0] jepsen.util: 0	:ok	:read	"71"
2026-03-15 10:29:34,407{GMT}	INFO	[jepsen worker 1] jepsen.util: 1	:invoke	:read	nil
2026-03-15 10:29:34,408{GMT}	INFO	[jepsen worker 1] jepsen.util: 1	:ok	:read	"17"
2026-03-15 10:29:34,414{GMT}	INFO	[jepsen worker 2] jepsen.util: 2	:invoke	:write	69
2026-03-15 10:29:34,415{GMT}	INFO	[jepsen worker 2] jepsen.util: 2	:ok	:write	69
2026-03-15 10:29:34,603{GMT}	INFO	[jepsen worker 0] jepsen.util: 0	:invoke	:write	35
2026-03-15 10:29:34,604{GMT}	INFO	[jepsen worker 0] jepsen.util: 0	:ok	:write	35
2026-03-15 10:29:34,635{GMT}	INFO	[jepsen worker 0] jepsen.util: 0	:invoke	:write	43
2026-03-15 10:29:34,636{GMT}	INFO	[jepsen worker 0] jepsen.util: 0	:ok	:write	43
2026-03-15 10:29:34,690{GMT}	INFO	[jepsen worker 1] jepsen.util: 1	:invoke	:read	nil
2026-03-15 10:29:34,690{GMT}	INFO	[jepsen worker 1] jepsen.util: 1	:ok	:read	"35"
2026-03-15 10:29:34,817{GMT}	INFO	[jepsen worker 2] jepsen.util: 2	:invoke	:read	nil
2026-03-15 10:29:34,818{GMT}	INFO	[jepsen worker 2] jepsen.util: 2	:ok	:read	"17"
2026-03-15 10:29:34,945{GMT}	INFO	[jepsen worker 0] jepsen.util: 0	:invoke	:write	82
2026-03-15 10:29:34,946{GMT}	INFO	[jepsen worker 0] jepsen.util: 0	:ok	:write	82
2026-03-15 10:29:35,132{GMT}	INFO	[jepsen worker 0] jepsen.util: 0	:invoke	:read	nil
2026-03-15 10:29:35,133{GMT}	INFO	[jepsen worker 0] jepsen.util: 0	:ok	:read	"17"
2026-03-15 10:29:35,275{GMT}	INFO	[jepsen worker 1] jepsen.util: 1	:invoke	:write	86
2026-03-15 10:29:35,277{GMT}	INFO	[jepsen worker 1] jepsen.util: 1	:ok	:write	86
2026-03-15 10:29:35,330{GMT}	INFO	[jepsen worker 2] jepsen.util: 2	:invoke	:read	nil
2026-03-15 10:29:35,331{GMT}	INFO	[jepsen worker 2] jepsen.util: 2	:ok	:read	"43"
2026-03-15 10:29:35,484{GMT}	INFO	[jepsen worker 0] jepsen.util: 0	:invoke	:write	62
2026-03-15 10:29:35,485{GMT}	INFO	[jepsen worker 0] jepsen.util: 0	:ok	:write	62
2026-03-15 10:29:35,618{GMT}	INFO	[jepsen worker 0] jepsen.util: 0	:invoke	:write	36
2026-03-15 10:29:35,620{GMT}	INFO	[jepsen worker 0] jepsen.util: 0	:ok	:write	36
2026-03-15 10:29:35,749{GMT}	INFO	[jepsen worker 1] jepsen.util: 1	:invoke	:read	nil
2026-03-15 10:29:35,750{GMT}	INFO	[jepsen worker 1] jepsen.util: 1	:ok	:read	"36"
2026-03-15 10:29:35,931{GMT}	INFO	[jepsen worker 2] jepsen.util: 2	:invoke	:write	10
2026-03-15 10:29:35,932{GMT}	INFO	[jepsen worker 2] jepsen.util: 2	:ok	:write	10
2026-03-15 10:29:35,977{GMT}	INFO	[jepsen worker 0] jepsen.util: 0	:invoke	:read	nil
2026-03-15 10:29:35,978{GMT}	INFO	[jepsen worker 0] jepsen.util: 0	:ok	:read	"86"
2026-03-15 10:29:36,113{GMT}	INFO	[jepsen worker 0] jepsen.util: 0	:invoke	:write	14
2026-03-15 10:29:36,114{GMT}	INFO	[jepsen worker 0] jepsen.util: 0	:ok	:write	14
2026-03-15 10:29:36,231{GMT}	INFO	[jepsen worker 1] jepsen.util: 1	:invoke	:read	nil
2026-03-15 10:29:36,232{GMT}	INFO	[jepsen worker 1] jepsen.util: 1	:ok	:read	"10"
2026-03-15 10:29:36,421{GMT}	INFO	[jepsen worker 2] jepsen.util: 2	:invoke	:write	75
2026-03-15 10:29:36,422{GMT}	INFO	[jepsen worker 2] jepsen.util: 2	:ok	:write	75
2026-03-15 10:29:36,546{GMT}	INFO	[jepsen worker 0] jepsen.util: 0	:invoke	:write	36
2026-03-15 10:29:36,548{GMT}	INFO	[jepsen worker 0] jepsen.util: 0	:ok	:write	36
2026-03-15 10:29:36,548{GMT}	INFO	[jepsen worker 0] jepsen.generator.interpreter: Test complete, waiting before final check
2026-03-15 10:29:41,561{GMT}	INFO	[jepsen test runner] jepsen.core: Run complete, writing
2026-03-15 10:29:41,592{GMT}	INFO	[jepsen test runner] jepsen.core: Snarfing log files
2026-03-15 10:29:41,597{GMT}	INFO	[jepsen node n2] jepsen.core: downloading /opt/omnipaxos/server.log to server.log
2026-03-15 10:29:41,597{GMT}	INFO	[jepsen node n1] jepsen.core: downloading /opt/omnipaxos/server.log to server.log
2026-03-15 10:29:41,597{GMT}	INFO	[jepsen node n3] jepsen.core: downloading /opt/omnipaxos/server.log to server.log
2026-03-15 10:29:41,809{GMT}	INFO	[jepsen node n2] jepsen.core: downloading /opt/omnipaxos/shim.log to shim.log
2026-03-15 10:29:41,810{GMT}	INFO	[jepsen node n3] jepsen.core: downloading /opt/omnipaxos/shim.log to shim.log
2026-03-15 10:29:41,810{GMT}	INFO	[jepsen node n1] jepsen.core: downloading /opt/omnipaxos/shim.log to shim.log
2026-03-15 10:29:42,017{GMT}	INFO	[jepsen node n1] jepsen.omnipaxos.db: n1 tearing down OmniPaxos
2026-03-15 10:29:42,017{GMT}	INFO	[jepsen node n2] jepsen.omnipaxos.db: n2 tearing down OmniPaxos
2026-03-15 10:29:42,017{GMT}	INFO	[jepsen node n3] jepsen.omnipaxos.db: n3 tearing down OmniPaxos
2026-03-15 10:29:42,017{GMT}	INFO	[jepsen node n1] jepsen.control.util: Stopping /opt/omnipaxos/api-shim with signal :-9
2026-03-15 10:29:42,017{GMT}	INFO	[jepsen node n3] jepsen.control.util: Stopping /opt/omnipaxos/api-shim with signal :-9
2026-03-15 10:29:42,017{GMT}	INFO	[jepsen node n2] jepsen.control.util: Stopping /opt/omnipaxos/api-shim with signal :-9
2026-03-15 10:29:44,064{GMT}	INFO	[jepsen node n2] jepsen.control.util: Stopping /opt/omnipaxos/server with signal :-9
2026-03-15 10:29:44,064{GMT}	INFO	[jepsen node n1] jepsen.control.util: Stopping /opt/omnipaxos/server with signal :-9
2026-03-15 10:29:44,064{GMT}	INFO	[jepsen node n3] jepsen.control.util: Stopping /opt/omnipaxos/server with signal :-9
2026-03-15 10:29:46,195{GMT}	INFO	[jepsen test runner] jepsen.core: Analyzing...
2026-03-15 10:29:46,219{GMT}	INFO	[clojure-agent-send-off-pool-2] knossos.model.memo: More than 1024 reachable models; not memoizing models for this search
2026-03-15 10:29:46,240{GMT}	INFO	[Thread-14] knossos.model.memo: More than 1024 reachable models; not memoizing models for this search
2026-03-15 10:29:46,250{GMT}	INFO	[jepsen test runner] jepsen.core: Analysis complete
2026-03-15 10:29:46,259{GMT}	INFO	[jepsen results] jepsen.store: Wrote /root/jepsen-omnipaxos/store/omnipaxos-kv/20260315T102858.535Z/results.edn
2026-03-15 10:29:46,271{GMT}	INFO	[jepsen test runner] jepsen.core: {:linearizable {:valid? false,
                :configs ({:model #knossos.model.Register{:value 62},
                           :last-op {:process 1,
                                     :type :ok,
                                     :f :read,
                                     :value nil,
                                     :index 3,
                                     :time 956133230,
                                     :key "k1"},
                           :pending [{:process 0,
                                      :type :invoke,
                                      :f :read,
                                      :value "62",
                                      :index 6,
                                      :time 956238074,
                                      :key "k2"}]}
                          {:model #knossos.model.Register{:value 96},
                           :last-op {:process 2,
                                     :type :ok,
                                     :f :write,
                                     :value 96,
                                     :index 4,
                                     :time 956200473,
                                     :key "k1"},
                           :pending [{:process 0,
                                      :type :invoke,
                                      :f :read,
                                      :value "62",
                                      :index 6,
                                      :time 956238074,
                                      :key "k2"}]}),
                :final-paths ([{:op {:process 1,
                                     :type :ok,
                                     :f :read,
                                     :value nil,
                                     :index 3,
                                     :time 956133230,
                                     :key "k1"},
                                :model #knossos.model.Register{:value 62}}
                               {:op {:process 0,
                                     :type :ok,
                                     :f :read,
                                     :value "62",
                                     :index 7,
                                     :time 958196750,
                                     :key "k2"},
                                :model #knossos.model.Inconsistent{:msg "62≠\"62\""}}]
                              [{:op {:process 2,
                                     :type :ok,
                                     :f :write,
                                     :value 96,
                                     :index 4,
                                     :time 956200473,
                                     :key "k1"},
                                :model #knossos.model.Register{:value 96}}
                               {:op {:process 0,
                                     :type :ok,
                                     :f :read,
                                     :value "62",
                                     :index 7,
                                     :time 958196750,
                                     :key "k2"},
                                :model #knossos.model.Inconsistent{:msg "96≠\"62\""}}]),
                :previous-ok {:process 0,
                              :type :ok,
                              :f :write,
                              :value 62,
                              :index 5,
                              :time 956221593,
                              :key "k2"},
                :last-op {:process 2,
                          :type :ok,
                          :f :write,
                          :value 96,
                          :index 4,
                          :time 956200473,
                          :key "k1"},
                :op {:process 0,
                     :type :ok,
                     :f :read,
                     :value "62",
                     :index 7,
                     :time 958196750,
                     :key "k2"}},
 :timeline {:valid? true},
 :valid? false}


Analysis invalid! (ﾉಥ益ಥ）ﾉ ┻━┻
