2026-03-15 13:54:12 Jepsen starting  /usr/bin/env SERVER_CONFIG_FILE=/opt/omnipaxos/server.toml CLUSTER_CONFIG_FILE=/opt/omnipaxos/cluster.toml RUST_LOG=info /opt/omnipaxos/server
[2026-03-15T13:54:12Z INFO  server::network] New connection to node 1
[2026-03-15T13:54:12Z INFO  server::network] New connection from 172.18.0.5:51168
[2026-03-15T13:54:12Z INFO  server::network] Identified connection from node 3
[2026-03-15T13:54:17Z INFO  server::network] New connection from 127.0.0.1:46692
[2026-03-15T13:54:17Z INFO  server::network] Identified connection from client 1
[2026-03-15T13:54:51Z ERROR server::network] Couldn't send message to node 1: Broken pipe (os error 32)
[2026-03-15T13:54:51Z INFO  server::network] Connection to node 1 closed
[2026-03-15T13:54:52Z WARN  server::network] Couldn't send msg to peer 1: channel closed
[2026-03-15T13:54:53Z WARN  server::network] Not connected to node 1
[2026-03-15T13:54:54Z WARN  server::network] Not connected to node 1
[2026-03-15T13:54:55Z WARN  server::network] Not connected to node 1
[2026-03-15T13:54:56Z WARN  server::network] Not connected to node 1
[2026-03-15T13:54:56Z WARN  server::network] Not connected to node 1
[2026-03-15T13:54:57Z WARN  server::network] Not connected to node 1
[2026-03-15T13:54:58Z WARN  server::network] Not connected to node 1
[2026-03-15T13:54:59Z WARN  server::network] Not connected to node 1
[2026-03-15T13:55:00Z WARN  server::network] Not connected to node 1
[2026-03-15T13:55:01Z WARN  server::network] Not connected to node 1
[2026-03-15T13:55:02Z WARN  server::network] Not connected to node 1
[2026-03-15T13:55:03Z WARN  server::network] Not connected to node 1
[2026-03-15T13:55:04Z WARN  server::network] Not connected to node 1
[2026-03-15T13:55:05Z WARN  server::network] Not connected to node 1
[2026-03-15T13:55:06Z WARN  server::network] Not connected to node 1
[2026-03-15T13:55:07Z WARN  server::network] Not connected to node 1
[2026-03-15T13:55:08Z WARN  server::network] Not connected to node 1
[2026-03-15T13:55:09Z WARN  server::network] Not connected to node 1
[2026-03-15T13:55:10Z WARN  server::network] Not connected to node 1
[2026-03-15T13:55:11Z WARN  server::network] Not connected to node 1
[2026-03-15T13:55:12Z WARN  server::network] Not connected to node 1
[2026-03-15T13:55:13Z WARN  server::network] Not connected to node 1
[2026-03-15T13:55:14Z WARN  server::network] Not connected to node 1
[2026-03-15T13:55:15Z WARN  server::network] Not connected to node 1
[2026-03-15T13:55:16Z WARN  server::network] Not connected to node 1
[2026-03-15T13:55:17Z WARN  server::network] Not connected to node 1
[2026-03-15T13:55:18Z WARN  server::network] Not connected to node 1
[2026-03-15T13:55:19Z WARN  server::network] Not connected to node 1
[2026-03-15T13:55:20Z WARN  server::network] Not connected to node 1
[2026-03-15T13:55:21Z WARN  server::network] Not connected to node 1
[2026-03-15T13:55:22Z WARN  server::network] Not connected to node 1
[2026-03-15T13:55:23Z WARN  server::network] Not connected to node 1
[2026-03-15T13:55:24Z WARN  server::network] Not connected to node 1
[2026-03-15T13:55:25Z WARN  server::network] Not connected to node 1
[2026-03-15T13:55:26Z WARN  server::network] Not connected to node 1
[2026-03-15T13:55:27Z WARN  server::network] Not connected to node 1
[2026-03-15T13:55:28Z WARN  server::network] Not connected to node 1
[2026-03-15T13:55:29Z WARN  server::network] Not connected to node 1
[2026-03-15T13:55:30Z WARN  server::network] Not connected to node 1
[2026-03-15T13:55:31Z WARN  server::network] Not connected to node 1
[2026-03-15T13:55:32Z WARN  server::network] Not connected to node 1
[2026-03-15T13:55:33Z WARN  server::network] Not connected to node 1
[2026-03-15T13:55:34Z WARN  server::network] Not connected to node 1
[2026-03-15T13:55:35Z WARN  server::network] Not connected to node 1
[2026-03-15T13:55:36Z WARN  server::network] Not connected to node 1
[2026-03-15T13:55:37Z WARN  server::network] Not connected to node 1
[2026-03-15T13:55:38Z WARN  server::network] Not connected to node 1
[2026-03-15T13:55:39Z WARN  server::network] Not connected to node 1
[2026-03-15T13:55:40Z WARN  server::network] Not connected to node 1
[2026-03-15T13:55:41Z WARN  server::network] Not connected to node 1
[2026-03-15T13:55:42Z WARN  server::network] Not connected to node 1
[2026-03-15T13:55:43Z WARN  server::network] Not connected to node 1
[2026-03-15T13:55:44Z WARN  server::network] Not connected to node 1
[2026-03-15T13:55:45Z WARN  server::network] Not connected to node 1
[2026-03-15T13:55:46Z WARN  server::network] Not connected to node 1
[2026-03-15T13:55:47Z WARN  server::network] Not connected to node 1
[2026-03-15T13:55:48Z WARN  server::network] Not connected to node 1
[2026-03-15T13:55:49Z WARN  server::network] Not connected to node 1
[2026-03-15T13:55:50Z WARN  server::network] Not connected to node 1
[2026-03-15T13:55:51Z WARN  server::network] Not connected to node 1
[2026-03-15T13:55:52Z WARN  server::network] Not connected to node 1
[2026-03-15T13:55:53Z WARN  server::network] Not connected to node 1
[2026-03-15T13:55:54Z WARN  server::network] Not connected to node 1
[2026-03-15T13:55:55Z WARN  server::network] Not connected to node 1
[2026-03-15T13:55:56Z WARN  server::network] Not connected to node 1
[2026-03-15T13:55:57Z WARN  server::network] Not connected to node 1
[2026-03-15T13:55:58Z WARN  server::network] Not connected to node 1
[2026-03-15T13:55:59Z WARN  server::network] Not connected to node 1
[2026-03-15T13:56:00Z WARN  server::network] Not connected to node 1
[2026-03-15T13:56:01Z WARN  server::network] Not connected to node 1
[2026-03-15T13:56:02Z WARN  server::network] Not connected to node 1
[2026-03-15T13:56:03Z WARN  server::network] Not connected to node 1
[2026-03-15T13:56:04Z WARN  server::network] Not connected to node 1
[2026-03-15T13:56:05Z WARN  server::network] Not connected to node 1
[2026-03-15T13:56:06Z WARN  server::network] Not connected to node 1
[2026-03-15T13:56:07Z WARN  server::network] Not connected to node 1
[2026-03-15T13:56:08Z WARN  server::network] Not connected to node 1
[2026-03-15T13:56:09Z WARN  server::network] Not connected to node 1
[2026-03-15T13:56:10Z WARN  server::network] Not connected to node 1
[2026-03-15T13:56:11Z WARN  server::network] Not connected to node 1
[2026-03-15T13:56:12Z WARN  server::network] Not connected to node 1
[2026-03-15T13:56:13Z WARN  server::network] Not connected to node 1
[2026-03-15T13:56:14Z WARN  server::network] Not connected to node 1
[2026-03-15T13:56:15Z WARN  server::network] Not connected to node 1
[2026-03-15T13:56:16Z WARN  server::network] Not connected to node 1
[2026-03-15T13:56:17Z WARN  server::network] Not connected to node 1
[2026-03-15T13:56:18Z WARN  server::network] Not connected to node 1
[2026-03-15T13:56:19Z WARN  server::network] Not connected to node 1
[2026-03-15T13:56:20Z WARN  server::network] Not connected to node 1
[2026-03-15T13:56:21Z WARN  server::network] Not connected to node 1
[2026-03-15T13:56:22Z WARN  server::network] Not connected to node 1
[2026-03-15T13:56:23Z WARN  server::network] Not connected to node 1
[2026-03-15T13:56:24Z WARN  server::network] Not connected to node 1
[2026-03-15T13:56:25Z WARN  server::network] Not connected to node 1
[2026-03-15T13:56:26Z WARN  server::network] Not connected to node 1
[2026-03-15T13:56:27Z WARN  server::network] Not connected to node 1
[2026-03-15T13:56:28Z WARN  server::network] Not connected to node 1
[2026-03-15T13:56:29Z WARN  server::network] Not connected to node 1
[2026-03-15T13:56:30Z WARN  server::network] Not connected to node 1
[2026-03-15T13:56:31Z WARN  server::network] Not connected to node 1
[2026-03-15T13:56:32Z WARN  server::network] Not connected to node 1
